<?xml version="1.0" encoding="UTF-8"?>
<testng-results skipped="0" failed="0" ignored="0" total="1" passed="1">
  <reporter-output>
  </reporter-output>
  <suite name="Default suite" duration-ms="1539" started-at="2018-06-20T17:09:56Z" finished-at="2018-06-20T17:09:57Z">
    <groups>
    </groups>
    <test name="Default test" duration-ms="1539" started-at="2018-06-20T17:09:56Z" finished-at="2018-06-20T17:09:57Z">
      <class name="com.qa.scripts.TC_001_GetAPITest">
        <test-method status="PASS" signature="setUp()[pri:0, instance:com.qa.scripts.TC_001_GetAPITest@27efef64]" name="setUp" is-config="true" duration-ms="10" started-at="2018-06-20T17:09:56Z" finished-at="2018-06-20T17:09:56Z">
          <reporter-output>
          </reporter-output>
        </test-method> <!-- setUp -->
        <test-method status="PASS" signature="getTest()[pri:0, instance:com.qa.scripts.TC_001_GetAPITest@27efef64]" name="getTest" duration-ms="1499" started-at="2018-06-20T17:09:56Z" finished-at="2018-06-20T17:09:57Z">
          <reporter-output>
          </reporter-output>
        </test-method> <!-- getTest -->
      </class> <!-- com.qa.scripts.TC_001_GetAPITest -->
    </test> <!-- Default test -->
  </suite> <!-- Default suite -->
</testng-results>
